<?xml version="1.0" encoding="UTF-8"?>
<!-- Generated by org.testng.reporters.JUnitReportReporter -->
<testsuite hostname="DESKTOP-G37PFUU" failures="0" tests="1" name="TestNG.FileUploading" time="16.969" errors="0" timestamp="2024-02-23T12:29:01 IST" skipped="0">
  <testcase classname="TestNG.FileUploading" name="test" time="16.969"/>
  <system-out/>
</testsuite> <!-- TestNG.FileUploading -->
