<?xml version="1.0" encoding="UTF-8"?>
<!-- Generated by org.testng.reporters.JUnitReportReporter -->
<testsuite hostname="DESKTOP-G37PFUU" failures="0" tests="1" name="TestNG.MoveToElement" time="40.899" errors="0" timestamp="2024-02-20T13:20:26 IST" skipped="0">
  <testcase classname="TestNG.MoveToElement" name="test" time="40.899"/>
  <system-out/>
</testsuite> <!-- TestNG.MoveToElement -->
ild info: version: &#039;4.17.0&#039;, revision: &#039;e52b1be057*&#039;
System info: os.name: &#039;Windows 10&#039;, os.arch: &#039;amd64&#039;, os.version: &#039;10.0&#039;, java.version: &#039;17.0.9&#039;
Driver info: org.openqa.selenium.chrome.ChromeDriver
Command: [2ebc5d961cdbb72f379053a3d97d6a08, get {url=https://www.ebay.com/}]
Capabilities {acceptInsecureCerts: false, browserName: chrome, browserVersion: 121.0.6167.185, chrome: {chromedriverVersion: 121.0.6167.184 (057a8ae7deb..., userDataDir: C:\Users\user\AppData\Local...}, fedcm:accounts: true, goog:chromeOptions: {debuggerAddress: localhost:55325}, networkConnectionEnabled: false, pageLoadStrategy: normal, platformName: windows, proxy: Proxy(), se:cdp: ws://localhost:55325/devtoo..., se:cdpVersion: 121.0.6167.185, setWindowRect: true, strictFileInteractability: false, timeouts: {implicit: 0, pageLoad: 300000, script: 30000}, unhandledPromptBehavior: dismiss and notify, webauthn:extension:credBlob: true, webauthn:extension:largeBlob: true, webauthn:extension:minPinLength: true, webauthn:extension:prf: true, webauthn:virtualAuthenticators: true}
Session ID: 2ebc5d961cdbb72f379053a3d97d6a08" type="org.openqa.selenium.TimeoutException">
      <![CDATA[org.openqa.selenium.TimeoutException: java.util.concurrent.TimeoutException
Build info: version: '4.17.0', revision: 'e52b1be057*'
System info: os.name: 'Windows 10', os.arch: 'amd64', os.version: '10.0', java.version: '17.0.9'
Driver info: org.openqa.selenium.chrome.ChromeDriver
Command: [2ebc5d961cdbb72f379053a3d97d6a08, get {url=https://www.ebay.com/}]
Capabilities {acceptInsecureCerts: false, browserName: chrome, browserVersion: 121.0.6167.185, chrome: {chromedriverVersion: 121.0.6167.184 (057a8ae7deb..., userDataDir: C:\Users\user\AppData\Local...}, fedcm:accounts: true, goog:chromeOptions: {debuggerAddress: localhost:55325}, networkConnectionEnabled: false, pageLoadStrategy: normal, platformName: windows, proxy: Proxy(), se:cdp: ws://localhost:55325/devtoo..., se:cdpVersion: 121.0.6167.185, setWindowRect: true, strictFileInteractability: false, timeouts: {implicit: 0, pageLoad: 300000, script: 30000}, unhandledPromptBehavior: dismiss and notify, webauthn:extension:credBlob: true, webauthn:extension:largeBlob: true, webauthn:extension:minPinLength: true, webauthn:extension:prf: true, webauthn:virtualAuthenticators: true}
Session ID: 2ebc5d961cdbb72f379053a3d97d6a08
at org.openqa.selenium.remote.http.jdk.JdkHttpClient.execute0(JdkHttpClient.java:402)
at org.openqa.selenium.remote.http.AddSeleniumUserAgent.lambda$apply$0(AddSeleniumUserAgent.java:42)
at org.openqa.selenium.remote.http.Filter.lambda$andFinally$1(Filter.java:55)
at org.openqa.selenium.remote.http.jdk.JdkHttpClient.execute(JdkHttpClient.java:358)
at org.openqa.selenium.remote.HttpCommandExecutor.execute(HttpCommandExecutor.java:187)
at org.openqa.selenium.remote.service.DriverCommandExecutor.invokeExecute(DriverCommandExecutor.java:216)
at org.openqa.selenium.remote.service.DriverCommandExecutor.execute(DriverCommandExecutor.java:174)
at org.openqa.selenium.remote.RemoteWebDriver.execute(RemoteWebDriver.java:519)
at org.openqa.selenium.remote.RemoteWebDriver.get(RemoteWebDriver.java:301)
at TestNG.MoveToElement.open(MoveToElement.java:21)
at java.base/jdk.internal.reflect.NativeMethodAccessorImpl.invoke0(Native Method)
at java.base/jdk.internal.reflect.NativeMethodAccessorImpl.invoke(NativeMethodAccessorImpl.java:77)
at java.base/jdk.internal.reflect.DelegatingMethodAccessorImpl.invoke(DelegatingMethodAccessorImpl.java:43)
at java.base/java.lang.reflect.Method.invoke(Method.java:568)
at org.testng.internal.MethodInvocationHelper.invokeMethod(MethodInvocationHelper.java:133)
at org.testng.internal.MethodInvocationHelper.invokeMethodConsideringTimeout(MethodInvocationHelper.java:62)
at org.testng.internal.ConfigInvoker.invokeConfigurationMethod(ConfigInvoker.java:385)
at org.testng.internal.ConfigInvoker.invokeConfigurations(ConfigInvoker.java:321)
at org.testng.TestRunner.invokeTestConfigurations(TestRunner.java:637)
at org.testng.TestRunner.beforeRun(TestRunner.java:627)
at org.testng.TestRunner.run(TestRunner.java:589)
at org.testng.SuiteRunner.runTest(SuiteRunner.java:377)
at org.testng.SuiteRunner.runSequentially(SuiteRunner.java:371)
at org.testng.SuiteRunner.privateRun(SuiteRunner.java:332)
at org.testng.SuiteRunner.run(SuiteRunner.java:276)
at org.testng.SuiteRunnerWorker.runSuite(SuiteRunnerWorker.java:53)
at org.testng.SuiteRunnerWorker.run(SuiteRunnerWorker.java:96)
at org.testng.TestNG.runSuitesSequentially(TestNG.java:1212)
at org.testng.TestNG.runSuitesLocally(TestNG.java:1134)
at org.testng.TestNG.runSuites(TestNG.java:1063)
at org.testng.TestNG.run(TestNG.java:1031)
at org.testng.remote.AbstractRemoteTestNG.run(AbstractRemoteTestNG.java:115)
at org.testng.remote.RemoteTestNG.initAndRun(RemoteTestNG.java:251)
at org.testng.remote.RemoteTestNG.main(RemoteTestNG.java:77)
Caused by: java.util.concurrent.TimeoutException
at java.base/java.util.concurrent.CompletableFuture.timedGet(CompletableFuture.java:1960)
at java.base/java.util.concurrent.CompletableFuture.get(CompletableFuture.java:2095)
at org.openqa.selenium.remote.http.jdk.JdkHttpClient.execute0(JdkHttpClient.java:385)
... 33 more
]]>
    </error>
  </testcase> <!-- open -->
  <system-out/>
  <testcase classname="TestNG.MoveToElement" name="test" time="0.000">
    <skipped/>
  </testcase> <!-- test -->
  <system-out/>
</testsuite> <!-- TestNG.MoveToElement -->
