<?xml version="1.0" encoding="UTF-8"?>
<!-- Generated by org.testng.reporters.JUnitReportReporter -->
<testsuite hostname="DESKTOP-G37PFUU" failures="0" tests="1" name="TestNG.ParameterTest" time="0.016" errors="0" timestamp="2024-02-16T12:25:33 IST" skipped="0">
  <testcase classname="TestNG.ParameterTest" name="main" time="0.016"/>
  <system-out/>
</testsuite> <!-- TestNG.ParameterTest -->
