<?xml version="1.0" encoding="UTF-8"?>
<!-- Generated by org.testng.reporters.JUnitReportReporter -->
<testsuite hostname="DESKTOP-G37PFUU" failures="0" tests="1" name="TestNG.DataDrivernTest2" time="8.784" errors="0" timestamp="2024-02-24T13:53:51 IST" skipped="0">
  <testcase classname="TestNG.DataDrivernTest2" name="test" time="8.784"/>
  <system-out/>
</testsuite> <!-- TestNG.DataDrivernTest2 -->
