<?xml version="1.0" encoding="UTF-8"?>
<!-- Generated by org.testng.reporters.JUnitReportReporter -->
<testsuite hostname="DESKTOP-G37PFUU" failures="0" tests="1" name="Test.FBTest" time="26.713" errors="0" timestamp="2024-02-29T13:14:17 IST" skipped="0">
  <testcase classname="Test.FBTest" name="testing" time="26.713"/>
  <system-out/>
</testsuite> <!-- Test.FBTest -->
