<?xml version="1.0" encoding="UTF-8"?>
<!-- Generated by org.testng.reporters.JUnitReportReporter -->
<testsuite hostname="DESKTOP-G37PFUU" failures="0" tests="1" name="TestNG.Assignment" time="4.028" errors="0" timestamp="2024-02-20T14:35:41 IST" skipped="0">
  <testcase classname="TestNG.Assignment" name="testing" time="4.028"/>
  <system-out/>
</testsuite> <!-- TestNG.Assignment -->
