<?xml version="1.0" encoding="UTF-8"?>
<!-- Generated by org.testng.reporters.JUnitReportReporter -->
<testsuite hostname="DESKTOP-G37PFUU" failures="0" tests="1" name="TestNG.DatePicker" time="0.900" errors="0" timestamp="2024-03-01T13:04:09 IST" skipped="0">
  <testcase classname="TestNG.DatePicker" name="testing" time="0.900"/>
  <system-out/>
</testsuite> <!-- TestNG.DatePicker -->
