<?xml version="1.0" encoding="UTF-8"?>
<!-- Generated by org.testng.reporters.JUnitReportReporter -->
<testsuite hostname="DESKTOP-G37PFUU" failures="0" tests="1" name="Test.Fbsignin" time="1.271" errors="0" timestamp="2024-02-28T12:48:34 IST" skipped="0">
  <testcase classname="Test.Fbsignin" name="test" time="1.271"/>
  <system-out/>
</testsuite> <!-- Test.Fbsignin -->
