<?xml version="1.0" encoding="UTF-8"?>
<!-- Generated by org.testng.reporters.JUnitReportReporter -->
<testsuite hostname="DESKTOP-G37PFUU" failures="0" tests="1" name="Test.Facebook2" time="29.383" errors="0" timestamp="2024-02-29T16:29:52 IST" skipped="0">
  <testcase classname="Test.Facebook2" name="testing" time="29.383"/>
  <system-out/>
</testsuite> <!-- Test.Facebook2 -->
