<?xml version="1.0" encoding="UTF-8"?>
<!-- Generated by org.testng.reporters.JUnitReportReporter -->
<testsuite hostname="DESKTOP-G37PFUU" failures="0" tests="1" name="TestNG.DragAndDrop" time="3.136" errors="0" timestamp="2024-02-20T11:39:53 IST" skipped="0">
  <testcase classname="TestNG.DragAndDrop" name="main" time="3.136"/>
  <system-out/>
</testsuite> <!-- TestNG.DragAndDrop -->
