<?xml version="1.0" encoding="UTF-8"?>
<!-- Generated by org.testng.reporters.JUnitReportReporter -->
<testsuite hostname="DESKTOP-G37PFUU" failures="0" tests="1" name="Test.DatDrivenTest" time="19.851" errors="0" timestamp="2024-03-02T12:25:52 IST" skipped="0">
  <testcase classname="Test.DatDrivenTest" name="testing" time="19.851"/>
  <system-out/>
</testsuite> <!-- Test.DatDrivenTest -->
