<?xml version="1.0" encoding="UTF-8"?>
<!-- Generated by org.testng.reporters.JUnitReportReporter -->
<testsuite hostname="DESKTOP-G37PFUU" failures="0" tests="1" name="Test.Blazeinput" time="4.140" errors="0" timestamp="2024-02-27T13:16:55 IST" skipped="0">
  <testcase classname="Test.Blazeinput" name="testing" time="4.140"/>
  <system-out/>
</testsuite> <!-- Test.Blazeinput -->
