<?xml version="1.0" encoding="UTF-8"?>
<!-- Generated by org.testng.reporters.JUnitReportReporter -->
<testsuite hostname="DESKTOP-G37PFUU" failures="0" tests="1" name="TestNG.Demoprgrm" time="0.108" errors="0" timestamp="2024-02-15T12:28:19 IST" skipped="0">
  <testcase classname="TestNG.Demoprgrm" name="main" time="0.108"/>
  <system-out/>
</testsuite> <!-- TestNG.Demoprgrm -->
