<?xml version="1.0" encoding="UTF-8"?>
<!-- Generated by org.testng.reporters.JUnitReportReporter -->
<testsuite hostname="DESKTOP-G37PFUU" failures="0" tests="2" name="TestNG.Grouping" time="0.061" errors="0" timestamp="2024-02-16T12:25:14 IST" skipped="0">
  <testcase classname="TestNG.Grouping" name="main2" time="0.003"/>
  <system-out/>
  <testcase classname="TestNG.Grouping" name="main1" time="0.058"/>
  <system-out/>
</testsuite> <!-- TestNG.Grouping -->
