<?xml version="1.0" encoding="UTF-8"?>
<!-- Generated by org.testng.reporters.JUnitReportReporter -->
<testsuite hostname="DESKTOP-G37PFUU" failures="0" tests="1" name="Test.FBlogin" time="20.669" errors="0" timestamp="2024-02-27T12:26:30 IST" skipped="0">
  <testcase classname="Test.FBlogin" name="testing" time="20.669"/>
  <system-out/>
</testsuite> <!-- Test.FBlogin -->
