<?xml version="1.0" encoding="UTF-8"?>
<!-- Generated by org.testng.reporters.JUnitReportReporter -->
<testsuite hostname="DESKTOP-G37PFUU" failures="0" tests="1" name="TestNG.TabandWindow" time="14.822" errors="0" timestamp="2024-02-22T12:46:48 IST" skipped="0">
  <testcase classname="TestNG.TabandWindow" name="test" time="14.822"/>
  <system-out/>
</testsuite> <!-- TestNG.TabandWindow -->
