<?xml version="1.0" encoding="UTF-8"?>
<!-- Generated by org.testng.reporters.JUnitReportReporter -->
<testsuite hostname="DESKTOP-G37PFUU" failures="0" tests="3" name="TestNG.Assignment2" time="57.643" errors="0" timestamp="2024-02-20T16:41:32 IST" skipped="0">
  <testcase classname="TestNG.Assignment2" name="screencapture" time="0.414"/>
  <system-out/>
  <testcase classname="TestNG.Assignment2" name="test1" time="52.545"/>
  <system-out/>
  <testcase classname="TestNG.Assignment2" name="link" time="4.684"/>
  <system-out/>
</testsuite> <!-- TestNG.Assignment2 -->
