<?xml version="1.0" encoding="UTF-8"?>
<!-- Generated by org.testng.reporters.JUnitReportReporter -->
<testsuite hostname="DESKTOP-G37PFUU" failures="0" tests="1" name="TestNG.KeyboardandMouse_Functions" time="4.817" errors="0" timestamp="2024-02-19T12:18:59 IST" skipped="0">
  <testcase classname="TestNG.KeyboardandMouse_Functions" name="test" time="4.817"/>
  <system-out/>
</testsuite> <!-- TestNG.KeyboardandMouse_Functions -->
