<?xml version="1.0" encoding="UTF-8"?>
<!-- Generated by org.testng.reporters.JUnitReportReporter -->
<testsuite hostname="DESKTOP-G37PFUU" failures="0" tests="1" name="TestNG.RightClick" time="0.973" errors="0" timestamp="2024-02-20T12:33:20 IST" skipped="0">
  <testcase classname="TestNG.RightClick" name="clicking" time="0.973"/>
  <system-out/>
</testsuite> <!-- TestNG.RightClick -->
